<?xml version="1.0" encoding="UTF-8"?>
<!-- Generated by org.testng.reporters.JUnitReportReporter -->
<testsuite hostname="MyPC" failures="0" tests="1" name="com.cb.tests.StaysTest" time="35.812" errors="1" timestamp="2024-07-15T17:44:10 IST" skipped="0">
  <testcase classname="com.cb.tests.StaysTest" name="searchingStaysInACity" time="35.812">
    <error message="Could not parse selector expression `new UiScrollable(new UiSelector().scrollable(true)).scrollIntoView(new UiSelector().xpath(&quot;By.xpath: //android.view.View[@content-desc=&quot;best hotel 
15.0£ /Night
Hotel
Hud, Hyd, 500001
hi
Bathrooms
2
Private Room&quot;]&quot;))`: `UiScrollable` doesn&#039;t have suitable method `scrollIntoView` with arguments [new UiSelector().xpath(&quot;By.xpath: //android.view.View[@content-desc=&quot;best hotel 
15.0£ /Night
Hotel
Hud, Hyd, 500001
hi
Bathrooms
2
Private Room&quot;]&quot;)]: Could not parse selector expression `new UiScrollable(new UiSelector().scrollable(true)).scrollIntoView(new UiSelector().xpath(&quot;By.xpath: //android.view.View[@content-desc=&quot;best hotel 
15.0£ /Night
Hotel
Hud, Hyd, 500001
hi
Bathrooms
2
Private Room&quot;]&quot;))`: Invalid arguments count. Actual: 3. Expected: 1.
For documentation on this error, please visit: https://www.selenium.dev/documentation/webdriver/troubleshooting/errors#invalid-selector-exception
Build info: version: &#039;4.18.1&#039;, revision: &#039;b1d3319b48&#039;
System info: os.name: &#039;Windows 11&#039;, os.arch: &#039;amd64&#039;, os.version: &#039;10.0&#039;, java.version: &#039;21.0.3&#039;
Driver info: io.appium.java_client.AppiumDriver
Command: [9ce23354-a894-400a-af74-d645d92a8417, findElement {using=-android uiautomator, value=new UiScrollable(new UiSelector().scrollable(true)).scrollIntoView(new UiSelector().xpath(&quot;By.xpath: //android.view.View[@content-desc=&quot;best hotel 
15.0£ /Night
Hotel
Hud, Hyd, 500001
hi
Bathrooms
2
Private Room&quot;]&quot;))}]
Capabilities {appium:app: C:\Users\srini\OneDrive\Des..., appium:appActivity: com.clickbooking.online.Mai..., appium:appPackage: com.clickbooking.online, appium:automationName: uiAutomator2, appium:databaseEnabled: false, appium:desired: {app: C:\Users\srini\OneDrive\Des..., appActivity: com.clickbooking.online.Mai..., appPackage: com.clickbooking.online, automationName: uiAutomator2, deviceName: sdk_gphone64_x86_64, noReset: false, platformName: ANDROID, platformVersion: 14, udid: emulator-5556}, appium:deviceApiLevel: 34, appium:deviceManufacturer: Google, appium:deviceModel: sdk_gphone64_x86_64, appium:deviceName: emulator-5556, appium:deviceScreenDensity: 480, appium:deviceScreenSize: 1344x2992, appium:deviceUDID: emulator-5556, appium:javascriptEnabled: true, appium:locationContextEnabled: false, appium:networkConnectionEnabled: true, appium:noReset: false, appium:pixelRatio: 3, appium:platformVersion: 14, appium:statBarHeight: 72, appium:takesScreenshot: true, appium:udid: emulator-5556, appium:viewportRect: {height: 2848, left: 0, top: 72, width: 1344}, appium:warnings: {}, appium:webStorageEnabled: false, platformName: ANDROID}
Session ID: 9ce23354-a894-400a-af74-d645d92a8417" type="org.openqa.selenium.InvalidSelectorException">
      <![CDATA[org.openqa.selenium.InvalidSelectorException: Could not parse selector expression `new UiScrollable(new UiSelector().scrollable(true)).scrollIntoView(new UiSelector().xpath("By.xpath: //android.view.View[@content-desc="best hotel 
15.0£ /Night
Hotel
Hud, Hyd, 500001
hi
Bathrooms
2
Private Room"]"))`: `UiScrollable` doesn't have suitable method `scrollIntoView` with arguments [new UiSelector().xpath("By.xpath: //android.view.View[@content-desc="best hotel 
15.0£ /Night
Hotel
Hud, Hyd, 500001
hi
Bathrooms
2
Private Room"]")]: Could not parse selector expression `new UiScrollable(new UiSelector().scrollable(true)).scrollIntoView(new UiSelector().xpath("By.xpath: //android.view.View[@content-desc="best hotel 
15.0£ /Night
Hotel
Hud, Hyd, 500001
hi
Bathrooms
2
Private Room"]"))`: Invalid arguments count. Actual: 3. Expected: 1.
For documentation on this error, please visit: https://www.selenium.dev/documentation/webdriver/troubleshooting/errors#invalid-selector-exception
Build info: version: '4.18.1', revision: 'b1d3319b48'
System info: os.name: 'Windows 11', os.arch: 'amd64', os.version: '10.0', java.version: '21.0.3'
Driver info: io.appium.java_client.AppiumDriver
Command: [9ce23354-a894-400a-af74-d645d92a8417, findElement {using=-android uiautomator, value=new UiScrollable(new UiSelector().scrollable(true)).scrollIntoView(new UiSelector().xpath("By.xpath: //android.view.View[@content-desc="best hotel 
15.0£ /Night
Hotel
Hud, Hyd, 500001
hi
Bathrooms
2
Private Room"]"))}]
Capabilities {appium:app: C:\Users\srini\OneDrive\Des..., appium:appActivity: com.clickbooking.online.Mai..., appium:appPackage: com.clickbooking.online, appium:automationName: uiAutomator2, appium:databaseEnabled: false, appium:desired: {app: C:\Users\srini\OneDrive\Des..., appActivity: com.clickbooking.online.Mai..., appPackage: com.clickbooking.online, automationName: uiAutomator2, deviceName: sdk_gphone64_x86_64, noReset: false, platformName: ANDROID, platformVersion: 14, udid: emulator-5556}, appium:deviceApiLevel: 34, appium:deviceManufacturer: Google, appium:deviceModel: sdk_gphone64_x86_64, appium:deviceName: emulator-5556, appium:deviceScreenDensity: 480, appium:deviceScreenSize: 1344x2992, appium:deviceUDID: emulator-5556, appium:javascriptEnabled: true, appium:locationContextEnabled: false, appium:networkConnectionEnabled: true, appium:noReset: false, appium:pixelRatio: 3, appium:platformVersion: 14, appium:statBarHeight: 72, appium:takesScreenshot: true, appium:udid: emulator-5556, appium:viewportRect: {height: 2848, left: 0, top: 72, width: 1344}, appium:warnings: {}, appium:webStorageEnabled: false, platformName: ANDROID}
Session ID: 9ce23354-a894-400a-af74-d645d92a8417
at java.base/jdk.internal.reflect.DirectConstructorHandleAccessor.newInstance(DirectConstructorHandleAccessor.java:62)
at java.base/java.lang.reflect.Constructor.newInstanceWithCaller(Constructor.java:502)
at java.base/java.lang.reflect.Constructor.newInstance(Constructor.java:486)
at org.openqa.selenium.remote.ErrorCodec.decode(ErrorCodec.java:167)
at org.openqa.selenium.remote.codec.w3c.W3CHttpResponseCodec.decode(W3CHttpResponseCodec.java:138)
at org.openqa.selenium.remote.codec.w3c.W3CHttpResponseCodec.decode(W3CHttpResponseCodec.java:50)
at org.openqa.selenium.remote.HttpCommandExecutor.execute(HttpCommandExecutor.java:190)
at io.appium.java_client.remote.AppiumCommandExecutor.execute(AppiumCommandExecutor.java:237)
at org.openqa.selenium.remote.RemoteWebDriver.execute(RemoteWebDriver.java:519)
at org.openqa.selenium.remote.ElementLocation$ElementFinder$2.findElement(ElementLocation.java:165)
at org.openqa.selenium.remote.ElementLocation.findElement(ElementLocation.java:66)
at org.openqa.selenium.remote.RemoteWebDriver.findElement(RemoteWebDriver.java:356)
at org.openqa.selenium.remote.RemoteWebDriver.findElement(RemoteWebDriver.java:350)
at com.cb.pages.StaysPage.scrollDown(StaysPage.java:70)
at com.cb.tests.StaysTest.searchingStaysInACity(StaysTest.java:26)
at java.base/jdk.internal.reflect.DirectMethodHandleAccessor.invoke(DirectMethodHandleAccessor.java:103)
at java.base/java.lang.reflect.Method.invoke(Method.java:580)
at org.testng.internal.MethodInvocationHelper.invokeMethod(MethodInvocationHelper.java:133)
at org.testng.internal.TestInvoker.invokeMethod(TestInvoker.java:598)
at org.testng.internal.TestInvoker.invokeTestMethod(TestInvoker.java:173)
at org.testng.internal.MethodRunner.runInSequence(MethodRunner.java:46)
at org.testng.internal.TestInvoker$MethodInvocationAgent.invoke(TestInvoker.java:824)
at org.testng.internal.TestInvoker.invokeTestMethods(TestInvoker.java:146)
at org.testng.internal.TestMethodWorker.invokeTestMethods(TestMethodWorker.java:146)
at org.testng.internal.TestMethodWorker.run(TestMethodWorker.java:128)
at java.base/java.util.ArrayList.forEach(ArrayList.java:1596)
at org.testng.TestRunner.privateRun(TestRunner.java:794)
at org.testng.TestRunner.run(TestRunner.java:596)
at org.testng.SuiteRunner.runTest(SuiteRunner.java:377)
at org.testng.SuiteRunner.runSequentially(SuiteRunner.java:371)
at org.testng.SuiteRunner.privateRun(SuiteRunner.java:332)
at org.testng.SuiteRunner.run(SuiteRunner.java:276)
at org.testng.SuiteRunnerWorker.runSuite(SuiteRunnerWorker.java:53)
at org.testng.SuiteRunnerWorker.run(SuiteRunnerWorker.java:96)
at org.testng.TestNG.runSuitesSequentially(TestNG.java:1212)
at org.testng.TestNG.runSuitesLocally(TestNG.java:1134)
at org.testng.TestNG.runSuites(TestNG.java:1063)
at org.testng.TestNG.run(TestNG.java:1031)
at org.testng.remote.AbstractRemoteTestNG.run(AbstractRemoteTestNG.java:115)
at org.testng.remote.RemoteTestNG.initAndRun(RemoteTestNG.java:293)
at org.testng.remote.RemoteTestNG.main(RemoteTestNG.java:91)
]]>
    </error>
  </testcase> <!-- searchingStaysInACity -->
  <system-out/>
</testsuite> <!-- com.cb.tests.StaysTest -->
